1 2022-06-04T18:07:10.688Z
1 2022-06-04T18:07:14.109Z
1 2022-06-04T18:07:17.486Z
1 2022-06-04T18:07:19.055Z
2 2022-06-04T18:07:20.678Z
1 2022-06-04T18:07:22.053Z
2 2022-06-04T18:07:39.672Z
1 2022-06-04T18:12:10.983Z
2 2022-06-04T18:14:50.555Z
1 2022-06-04T18:15:39.024Z
1 2022-06-04T18:16:41.790Z
1 2022-06-04T18:17:09.871Z
2 2022-06-04T18:17:28.550Z
1 2022-06-04T18:18:33.965Z
2 2022-06-04T18:19:22.492Z
1 2022-06-04T18:19:46.182Z
2 2022-06-04T18:21:01.891Z
2 2022-06-04T18:21:41.822Z
2 2022-06-04T18:22:03.001Z
2 2022-06-04T18:22:05.393Z
1 2022-06-04T18:27:42.175Z
2 2022-06-04T18:28:09.129Z
2 2022-06-04T18:28:14.602Z
1 2022-06-04T18:28:17.072Z
2 2022-06-04T18:28:32.045Z
1 2022-06-04T18:28:34.656Z
2 2022-06-04T18:35:39.942Z
1 2022-06-04T18:36:11.040Z
2 2022-06-04T18:36:15.947Z
